Arguments: 
  D:\software\nodejs\node.exe C:\Users\明年\AppData\Roaming\npm\node_modules\yarn\bin\yarn.js init y

PATH: 
  D:\Program Files\cmder\vendor\git-for-windows\mingw64\bin;D:\Program Files\cmder\vendor\git-for-windows\usr\bin;C:\Users\明年\bin;C:\Python39\Scripts;C:\Python39;C:\Program Files\Common Files\Oracle\Java\javapath;C:\Program Files (x86)\Common Files\Oracle\Java\javapath;C:\Windows\system32;C:\Windows;C:\Windows\System32\Wbem;C:\Windows\System32\WindowsPowerShell\v1.0;C:\Windows\System32\OpenSSH;C:\Program Files (x86)\NVIDIA Corporation\PhysX\Common;C:\Program Files\NVIDIA Corporation\NVIDIA NvDLISR;D:\Program Files\java\bin;D:\Program Files\JetBrains\apache-maven-3.6.1-bin\apache-maven-3.6.1\bin;D:\Android\SDK\tools;D:\Android\SDK\platform-tools;C:\WINDOWS\system32;C:\WINDOWS;C:\WINDOWS\System32\Wbem;C:\WINDOWS\System32\WindowsPowerShell\v1.0;C:\WINDOWS\System32\OpenSSH;D:\software\nodejs;C:\ProgramData\chocolatey\bin;C:\Users\明年\AppData\Local\Microsoft\WindowsApps;D:\program;D:\Program Files\nodejs\node_cache;D:\Program Files\nodejs\node_global;C:\Program Files\MySQL\MySQL Server 5.7\bin;D:\Program Files\Microsoft VS Code\bin;C:\Users\明年\AppData\Roaming\npm;C:\Users\明年\AppData\Local\Yarn\bin;D:\Program Files\JetBrains\WebStorm 2021.1.3\bin

Yarn version: 
  1.22.10

Node version: 
  14.17.0

Platform: 
  win32 x64

Trace: 
  Error: canceled
      at Interface.<anonymous> (C:\Users\明年\AppData\Roaming\npm\node_modules\yarn\lib\cli.js:136216:13)
      at Interface.emit (events.js:376:20)
      at Interface._ttyWrite (readline.js:880:16)
      at ReadStream.onkeypress (readline.js:213:10)
      at ReadStream.emit (events.js:376:20)
      at emitKeys (internal/readline/utils.js:345:14)
      at emitKeys.next (<anonymous>)
      at ReadStream.onData (readline.js:1149:36)
      at ReadStream.emit (events.js:376:20)
      at addChunk (internal/streams/readable.js:309:12)

npm manifest: 
  No manifest

yarn manifest: 
  No manifest

Lockfile: 
  No lockfile
